<?xml version="1.0" encoding="UTF-8" standalone="yes"?><!DOCTYPE report PUBLIC "-//JACOCO//DTD Report 1.1//EN" "report.dtd"><report name="my-app"><sessioninfo id="DESKTOP-JEROV1R-89732903" start="1780678175181" dump="1780678175935"/><sessioninfo id="DESKTOP-JEROV1R-9e8cc597" start="1780678306811" dump="1780678307553"/><sessioninfo id="DESKTOP-JEROV1R-99aa539a" start="1780678677754" dump="1780678678466"/><sessioninfo id="DESKTOP-JEROV1R-df0c57c3" start="1780679179530" dump="1780679180374"/><sessioninfo id="DESKTOP-JEROV1R-a0b26553" start="1780679279863" dump="1780679280741"/><sessioninfo id="DESKTOP-JEROV1R-9a7d7f7b" start="1780680044765" dump="1780680045540"/><sessioninfo id="DESKTOP-JEROV1R-ff94ac6f" start="1780849531006" dump="1780849534913"/><sessioninfo id="DESKTOP-JEROV1R-d6c3ec8b" start="1780850070426" dump="1780850071183"/><sessioninfo id="DESKTOP-JEROV1R-312fecf6" start="1781022605879" dump="1781022606363"/><sessioninfo id="DESKTOP-JEROV1R-b0540e91" start="1781022676050" dump="1781022676477"/><sessioninfo id="DESKTOP-JEROV1R-6354042a" start="1781022811086" dump="1781022811501"/><sessioninfo id="DESKTOP-JEROV1R-859023ad" start="1781023159435" dump="1781023160092"/><sessioninfo id="DESKTOP-JEROV1R-8c1cdd74" start="1781023217918" dump="1781023218547"/><sessioninfo id="DESKTOP-JEROV1R-3d48d55b" start="1781023266411" dump="1781023267013"/><sessioninfo id="DESKTOP-JEROV1R-9f5e8ba6" start="1781023275956" dump="1781023276554"/><sessioninfo id="DESKTOP-JEROV1R-16f7a1b7" start="1781023354546" dump="1781023355102"/><package name="com/mycompany/app"><class name="com/mycompany/app/Game" sourcefilename="Program.java"><method name="&lt;init&gt;" desc="()V" line="40"><counter type="INSTRUCTION" missed="0" covered="40"/><counter type="BRANCH" missed="0" covered="2"/><counter type="LINE" missed="0" covered="10"/><counter type="COMPLEXITY" missed="0" covered="2"/><counter type="METHOD" missed="0" covered="1"/></method><method name="checkState" desc="([C)Lcom/mycompany/app/State;" line="55"><counter type="INSTRUCTION" missed="0" covered="179"/><counter type="BRANCH" missed="1" covered="55"/><counter type="LINE" missed="0" covered="12"/><counter type="COMPLEXITY" missed="1" covered="28"/><counter type="METHOD" missed="0" covered="1"/></method><method name="generateMoves" desc="([CLjava/util/ArrayList;)V" line="84"><counter type="INSTRUCTION" missed="0" covered="18"/><counter type="BRANCH" missed="0" covered="4"/><counter type="LINE" missed="0" covered="4"/><counter type="COMPLEXITY" missed="0" covered="3"/><counter type="METHOD" missed="0" covered="1"/></method><method name="evaluatePosition" desc="([CLcom/mycompany/app/Player;)I" line="92"><counter type="INSTRUCTION" missed="0" covered="52"/><counter type="BRANCH" missed="3" covered="21"/><counter type="LINE" missed="0" covered="9"/><counter type="COMPLEXITY" missed="3" covered="10"/><counter type="METHOD" missed="0" covered="1"/></method><method name="MiniMax" desc="([CLcom/mycompany/app/Player;)I" line="107"><counter type="INSTRUCTION" missed="0" covered="150"/><counter type="BRANCH" missed="1" covered="7"/><counter type="LINE" missed="0" covered="25"/><counter type="COMPLEXITY" missed="1" covered="4"/><counter type="METHOD" missed="0" covered="1"/></method><method name="MinMove" desc="([CLcom/mycompany/app/Player;)I" line="146"><counter type="INSTRUCTION" missed="0" covered="72"/><counter type="BRANCH" missed="0" covered="8"/><counter type="LINE" missed="0" covered="17"/><counter type="COMPLEXITY" missed="0" covered="5"/><counter type="METHOD" missed="0" covered="1"/></method><method name="MaxMove" desc="([CLcom/mycompany/app/Player;)I" line="171"><counter type="INSTRUCTION" missed="0" covered="72"/><counter type="BRANCH" missed="0" covered="8"/><counter type="LINE" missed="0" covered="17"/><counter type="COMPLEXITY" missed="0" covered="5"/><counter type="METHOD" missed="0" covered="1"/></method><counter type="INSTRUCTION" missed="0" covered="583"/><counter type="BRANCH" missed="5" covered="105"/><counter type="LINE" missed="0" covered="94"/><counter type="COMPLEXITY" missed="5" covered="57"/><counter type="METHOD" missed="0" covered="7"/><counter type="CLASS" missed="0" covered="1"/></class><class name="com/mycompany/app/Player" sourcefilename="Program.java"><method name="&lt;init&gt;" desc="()V" line="22"><counter type="INSTRUCTION" missed="0" covered="3"/><counter type="LINE" missed="0" covered="1"/><counter type="COMPLEXITY" missed="0" covered="1"/><counter type="METHOD" missed="0" covered="1"/></method><counter type="INSTRUCTION" missed="0" covered="3"/><counter type="LINE" missed="0" covered="1"/><counter type="COMPLEXITY" missed="0" covered="1"/><counter type="METHOD" missed="0" covered="1"/><counter type="CLASS" missed="0" covered="1"/></class><class name="com/mycompany/app/Program" sourcefilename="Program.java"><method name="&lt;init&gt;" desc="()V" line="192"><counter type="INSTRUCTION" missed="3" covered="0"/><counter type="LINE" missed="1" covered="0"/><counter type="COMPLEXITY" missed="1" covered="0"/><counter type="METHOD" missed="1" covered="0"/></method><method name="main" desc="([Ljava/lang/String;)V" line="197"><counter type="INSTRUCTION" missed="29" covered="0"/><counter type="LINE" missed="6" covered="0"/><counter type="COMPLEXITY" missed="1" covered="0"/><counter type="METHOD" missed="1" covered="0"/></method><counter type="INSTRUCTION" missed="32" covered="0"/><counter type="LINE" missed="7" covered="0"/><counter type="COMPLEXITY" missed="2" covered="0"/><counter type="METHOD" missed="2" covered="0"/><counter type="CLASS" missed="1" covered="0"/></class><class name="com/mycompany/app/TicTacToeCell" sourcefilename="Program.java"><method name="&lt;init&gt;" desc="(III)V" line="212"><counter type="INSTRUCTION" missed="0" covered="28"/><counter type="LINE" missed="0" covered="8"/><counter type="COMPLEXITY" missed="0" covered="1"/><counter type="METHOD" missed="0" covered="1"/></method><method name="setMarker" desc="(Ljava/lang/String;)V" line="221"><counter type="INSTRUCTION" missed="0" covered="12"/><counter type="LINE" missed="0" covered="4"/><counter type="COMPLEXITY" missed="0" covered="1"/><counter type="METHOD" missed="0" covered="1"/></method><method name="getMarker" desc="()C" line="226"><counter type="INSTRUCTION" missed="0" covered="3"/><counter type="LINE" missed="0" covered="1"/><counter type="COMPLEXITY" missed="0" covered="1"/><counter type="METHOD" missed="0" covered="1"/></method><method name="getRow" desc="()I" line="229"><counter type="INSTRUCTION" missed="0" covered="3"/><counter type="LINE" missed="0" covered="1"/><counter type="COMPLEXITY" missed="0" covered="1"/><counter type="METHOD" missed="0" covered="1"/></method><method name="getCol" desc="()I" line="232"><counter type="INSTRUCTION" missed="0" covered="3"/><counter type="LINE" missed="0" covered="1"/><counter type="COMPLEXITY" missed="0" covered="1"/><counter type="METHOD" missed="0" covered="1"/></method><method name="getNum" desc="()I" line="235"><counter type="INSTRUCTION" missed="0" covered="3"/><counter type="LINE" missed="0" covered="1"/><counter type="COMPLEXITY" missed="0" covered="1"/><counter type="METHOD" missed="0" covered="1"/></method><counter type="INSTRUCTION" missed="0" covered="52"/><counter type="LINE" missed="0" covered="16"/><counter type="COMPLEXITY" missed="0" covered="6"/><counter type="METHOD" missed="0" covered="6"/><counter type="CLASS" missed="0" covered="1"/></class><class name="com/mycompany/app/Utility" sourcefilename="Program.java"><method name="&lt;init&gt;" desc="()V" line="240"><counter type="INSTRUCTION" missed="3" covered="0"/><counter type="LINE" missed="1" covered="0"/><counter type="COMPLEXITY" missed="1" covered="0"/><counter type="METHOD" missed="1" covered="0"/></method><method name="print" desc="([C)V" line="243"><counter type="INSTRUCTION" missed="0" covered="18"/><counter type="BRANCH" missed="0" covered="2"/><counter type="LINE" missed="0" covered="5"/><counter type="COMPLEXITY" missed="0" covered="2"/><counter type="METHOD" missed="0" covered="1"/></method><method name="print" desc="([I)V" line="249"><counter type="INSTRUCTION" missed="0" covered="18"/><counter type="BRANCH" missed="0" covered="2"/><counter type="LINE" missed="0" covered="5"/><counter type="COMPLEXITY" missed="0" covered="2"/><counter type="METHOD" missed="0" covered="1"/></method><method name="print" desc="(Ljava/util/ArrayList;)V" line="255"><counter type="INSTRUCTION" missed="0" covered="20"/><counter type="BRANCH" missed="0" covered="2"/><counter type="LINE" missed="0" covered="5"/><counter type="COMPLEXITY" missed="0" covered="2"/><counter type="METHOD" missed="0" covered="1"/></method><counter type="INSTRUCTION" missed="3" covered="56"/><counter type="BRANCH" missed="0" covered="6"/><counter type="LINE" missed="1" covered="15"/><counter type="COMPLEXITY" missed="1" covered="6"/><counter type="METHOD" missed="1" covered="3"/><counter type="CLASS" missed="0" covered="1"/></class><class name="com/mycompany/app/State" sourcefilename="Program.java"><method name="&lt;clinit&gt;" desc="()V" line="19"><counter type="INSTRUCTION" missed="0" covered="27"/><counter type="LINE" missed="0" covered="1"/><counter type="COMPLEXITY" missed="0" covered="1"/><counter type="METHOD" missed="0" covered="1"/></method><counter type="INSTRUCTION" missed="0" covered="27"/><counter type="LINE" missed="0" covered="1"/><counter type="COMPLEXITY" missed="0" covered="1"/><counter type="METHOD" missed="0" covered="1"/><counter type="CLASS" missed="0" covered="1"/></class><class name="com/mycompany/app/TicTacToePanel" sourcefilename="Program.java"><method name="createCell" desc="(III)V" line="267"><counter type="INSTRUCTION" missed="0" covered="24"/><counter type="LINE" missed="0" covered="4"/><counter type="COMPLEXITY" missed="0" covered="1"/><counter type="METHOD" missed="0" covered="1"/></method><method name="&lt;init&gt;" desc="(Ljava/awt/GridLayout;)V" line="273"><counter type="INSTRUCTION" missed="0" covered="64"/><counter type="LINE" missed="0" covered="14"/><counter type="COMPLEXITY" missed="0" covered="1"/><counter type="METHOD" missed="0" covered="1"/></method><method name="actionPerformed" desc="(Ljava/awt/event/ActionEvent;)V" line="290"><counter type="INSTRUCTION" missed="40" covered="132"/><counter type="BRANCH" missed="6" covered="8"/><counter type="LINE" missed="9" covered="19"/><counter type="COMPLEXITY" missed="4" covered="4"/><counter type="METHOD" missed="0" covered="1"/></method><counter type="INSTRUCTION" missed="40" covered="220"/><counter type="BRANCH" missed="6" covered="8"/><counter type="LINE" missed="9" covered="37"/><counter type="COMPLEXITY" missed="4" covered="6"/><counter type="METHOD" missed="0" covered="3"/><counter type="CLASS" missed="0" covered="1"/></class><sourcefile name="Program.java"><line nr="19" mi="0" ci="27" mb="0" cb="0"/><line nr="22" mi="0" ci="3" mb="0" cb="0"/><line nr="40" mi="0" ci="2" mb="0" cb="0"/><line nr="41" mi="0" ci="5" mb="0" cb="0"/><line nr="42" mi="0" ci="5" mb="0" cb="0"/><line nr="43" mi="0" ci="4" mb="0" cb="0"/><line nr="44" mi="0" ci="4" mb="0" cb="0"/><line nr="45" mi="0" ci="3" mb="0" cb="0"/><line nr="46" mi="0" ci="4" mb="0" cb="0"/><line nr="47" mi="0" ci="7" mb="0" cb="2"/><line nr="48" mi="0" ci="5" mb="0" cb="0"/><line nr="49" mi="0" ci="1" mb="0" cb="0"/><line nr="55" mi="0" ci="2" mb="0" cb="0"/><line nr="56" mi="0" ci="144" mb="0" cb="48"/><line nr="65" mi="0" ci="4" mb="0" cb="2"/><line nr="66" mi="0" ci="3" mb="0" cb="0"/><line nr="67" mi="0" ci="4" mb="1" cb="1"/><line nr="68" mi="0" ci="3" mb="0" cb="0"/><line nr="71" mi="0" ci="2" mb="0" cb="0"/><line nr="72" mi="0" ci="7" mb="0" cb="2"/><line nr="74" mi="0" ci="5" mb="0" cb="2"/><line nr="75" mi="0" ci="2" mb="0" cb="0"/><line nr="76" mi="0" ci="1" mb="0" cb="0"/><line nr="80" mi="0" ci="2" mb="0" cb="0"/><line nr="84" mi="0" ci="7" mb="0" cb="2"/><line nr="85" mi="0" ci="5" mb="0" cb="2"/><line nr="86" mi="0" ci="5" mb="0" cb="0"/><line nr="87" mi="0" ci="1" mb="0" cb="0"/><line nr="92" mi="0" ci="4" mb="0" cb="0"/><line nr="93" mi="0" ci="9" mb="0" cb="6"/><line nr="95" mi="0" ci="14" mb="0" cb="8"/><line nr="96" mi="0" ci="2" mb="0" cb="0"/><line nr="97" mi="0" ci="14" mb="2" cb="6"/><line nr="98" mi="0" ci="2" mb="0" cb="0"/><line nr="99" mi="0" ci="3" mb="1" cb="1"/><line nr="100" mi="0" ci="2" mb="0" cb="0"/><line nr="102" mi="0" ci="2" mb="0" cb="0"/><line nr="107" mi="0" ci="4" mb="0" cb="0"/><line nr="108" mi="0" ci="4" mb="0" cb="0"/><line nr="109" mi="0" ci="3" mb="0" cb="0"/><line nr="111" mi="0" ci="4" mb="0" cb="0"/><line nr="113" mi="0" ci="3" mb="0" cb="2"/><line nr="114" mi="0" ci="9" mb="0" cb="0"/><line nr="115" mi="0" ci="4" mb="0" cb="0"/><line nr="118" mi="0" ci="5" mb="0" cb="0"/><line nr="121" mi="0" ci="3" mb="0" cb="2"/><line nr="122" mi="0" ci="2" mb="0" cb="0"/><line nr="123" mi="0" ci="2" mb="0" cb="0"/><line nr="124" mi="0" ci="11" mb="0" cb="0"/><line nr="126" mi="0" ci="3" mb="1" cb="1"/><line nr="127" mi="0" ci="11" mb="0" cb="0"/><line nr="129" mi="0" ci="22" mb="0" cb="0"/><line nr="130" mi="0" ci="8" mb="0" cb="0"/><line nr="131" mi="0" ci="4" mb="0" cb="0"/><line nr="132" mi="0" ci="1" mb="0" cb="0"/><line nr="133" mi="0" ci="2" mb="0" cb="2"/><line nr="134" mi="0" ci="4" mb="0" cb="0"/><line nr="135" mi="0" ci="4" mb="0" cb="0"/><line nr="138" mi="0" ci="18" mb="0" cb="0"/><line nr="139" mi="0" ci="12" mb="0" cb="0"/><line nr="140" mi="0" ci="3" mb="0" cb="0"/><line nr="141" mi="0" ci="4" mb="0" cb="0"/><line nr="146" mi="0" ci="5" mb="0" cb="0"/><line nr="147" mi="0" ci="3" mb="0" cb="2"/><line nr="148" mi="0" ci="2" mb="0" cb="0"/><line nr="149" mi="0" ci="6" mb="0" cb="0"/><line nr="150" mi="0" ci="2" mb="0" cb="0"/><line nr="151" mi="0" ci="4" mb="0" cb="0"/><line nr="153" mi="0" ci="4" mb="0" cb="0"/><line nr="155" mi="0" ci="3" mb="0" cb="2"/><line nr="156" mi="0" ci="9" mb="0" cb="2"/><line nr="157" mi="0" ci="9" mb="0" cb="0"/><line nr="159" mi="0" ci="5" mb="0" cb="0"/><line nr="161" mi="0" ci="3" mb="0" cb="2"/><line nr="162" mi="0" ci="2" mb="0" cb="0"/><line nr="164" mi="0" ci="8" mb="0" cb="0"/><line nr="165" mi="0" ci="4" mb="0" cb="0"/><line nr="166" mi="0" ci="1" mb="0" cb="0"/><line nr="167" mi="0" ci="2" mb="0" cb="0"/><line nr="171" mi="0" ci="5" mb="0" cb="0"/><line nr="172" mi="0" ci="3" mb="0" cb="2"/><line nr="173" mi="0" ci="2" mb="0" cb="0"/><line nr="174" mi="0" ci="6" mb="0" cb="0"/><line nr="175" mi="0" ci="2" mb="0" cb="0"/><line nr="176" mi="0" ci="4" mb="0" cb="0"/><line nr="177" mi="0" ci="4" mb="0" cb="0"/><line nr="178" mi="0" ci="3" mb="0" cb="2"/><line nr="179" mi="0" ci="9" mb="0" cb="2"/><line nr="180" mi="0" ci="9" mb="0" cb="0"/><line nr="181" mi="0" ci="5" mb="0" cb="0"/><line nr="182" mi="0" ci="3" mb="0" cb="2"/><line nr="183" mi="0" ci="2" mb="0" cb="0"/><line nr="185" mi="0" ci="8" mb="0" cb="0"/><line nr="186" mi="0" ci="4" mb="0" cb="0"/><line nr="187" mi="0" ci="1" mb="0" cb="0"/><line nr="188" mi="0" ci="2" mb="0" cb="0"/><line nr="192" mi="3" ci="0" mb="0" cb="0"/><line nr="197" mi="5" ci="0" mb="0" cb="0"/><line nr="198" mi="11" ci="0" mb="0" cb="0"/><line nr="199" mi="3" ci="0" mb="0" cb="0"/><line nr="200" mi="6" ci="0" mb="0" cb="0"/><line nr="201" mi="3" ci="0" mb="0" cb="0"/><line nr="202" mi="1" ci="0" mb="0" cb="0"/><line nr="212" mi="0" ci="2" mb="0" cb="0"/><line nr="213" mi="0" ci="3" mb="0" cb="0"/><line nr="214" mi="0" ci="3" mb="0" cb="0"/><line nr="215" mi="0" ci="3" mb="0" cb="0"/><line nr="216" mi="0" ci="3" mb="0" cb="0"/><line nr="217" mi="0" ci="5" mb="0" cb="0"/><line nr="218" mi="0" ci="8" mb="0" cb="0"/><line nr="219" mi="0" ci="1" mb="0" cb="0"/><line nr="221" mi="0" ci="5" mb="0" cb="0"/><line nr="222" mi="0" ci="3" mb="0" cb="0"/><line nr="223" mi="0" ci="3" mb="0" cb="0"/><line nr="224" mi="0" ci="1" mb="0" cb="0"/><line nr="226" mi="0" ci="3" mb="0" cb="0"/><line nr="229" mi="0" ci="3" mb="0" cb="0"/><line nr="232" mi="0" ci="3" mb="0" cb="0"/><line nr="235" mi="0" ci="3" mb="0" cb="0"/><line nr="240" mi="3" ci="0" mb="0" cb="0"/><line nr="243" mi="0" ci="2" mb="0" cb="0"/><line nr="244" mi="0" ci="7" mb="0" cb="2"/><line nr="245" mi="0" ci="6" mb="0" cb="0"/><line nr="246" mi="0" ci="2" mb="0" cb="0"/><line nr="247" mi="0" ci="1" mb="0" cb="0"/><line nr="249" mi="0" ci="2" mb="0" cb="0"/><line nr="250" mi="0" ci="7" mb="0" cb="2"/><line nr="251" mi="0" ci="6" mb="0" cb="0"/><line nr="252" mi="0" ci="2" mb="0" cb="0"/><line nr="253" mi="0" ci="1" mb="0" cb="0"/><line nr="255" mi="0" ci="2" mb="0" cb="0"/><line nr="256" mi="0" ci="8" mb="0" cb="2"/><line nr="257" mi="0" ci="7" mb="0" cb="0"/><line nr="258" mi="0" ci="2" mb="0" cb="0"/><line nr="259" mi="0" ci="1" mb="0" cb="0"/><line nr="267" mi="0" ci="10" mb="0" cb="0"/><line nr="268" mi="0" ci="6" mb="0" cb="0"/><line nr="269" mi="0" ci="7" mb="0" cb="0"/><line nr="271" mi="0" ci="1" mb="0" cb="0"/><line nr="273" mi="0" ci="4" mb="0" cb="0"/><line nr="275" mi="0" ci="3" mb="0" cb="0"/><line nr="276" mi="0" ci="5" mb="0" cb="0"/><line nr="277" mi="0" ci="5" mb="0" cb="0"/><line nr="278" mi="0" ci="5" mb="0" cb="0"/><line nr="279" mi="0" ci="5" mb="0" cb="0"/><line nr="280" mi="0" ci="5" mb="0" cb="0"/><line nr="281" mi="0" ci="5" mb="0" cb="0"/><line nr="282" mi="0" ci="5" mb="0" cb="0"/><line nr="283" mi="0" ci="5" mb="0" cb="0"/><line nr="284" mi="0" ci="5" mb="0" cb="0"/><line nr="285" mi="0" ci="5" mb="0" cb="0"/><line nr="286" mi="0" ci="6" mb="0" cb="0"/><line nr="287" mi="0" ci="1" mb="0" cb="0"/><line nr="290" mi="0" ci="5" mb="0" cb="0"/><line nr="291" mi="0" ci="5" mb="0" cb="0"/><line nr="296" mi="0" ci="2" mb="0" cb="0"/><line nr="297" mi="0" ci="17" mb="0" cb="2"/><line nr="298" mi="0" ci="4" mb="0" cb="2"/><line nr="299" mi="0" ci="7" mb="0" cb="0"/><line nr="301" mi="0" ci="8" mb="0" cb="0"/><line nr="303" mi="0" ci="7" mb="0" cb="2"/><line nr="305" mi="0" ci="13" mb="0" cb="0"/><line nr="306" mi="0" ci="7" mb="0" cb="0"/><line nr="307" mi="0" ci="7" mb="0" cb="0"/><line nr="308" mi="0" ci="6" mb="0" cb="0"/><line nr="309" mi="0" ci="5" mb="1" cb="1"/><line nr="310" mi="11" ci="0" mb="0" cb="0"/><line nr="314" mi="0" ci="7" mb="0" cb="0"/><line nr="315" mi="0" ci="7" mb="0" cb="0"/><line nr="316" mi="0" ci="6" mb="0" cb="0"/><line nr="319" mi="0" ci="9" mb="0" cb="0"/><line nr="322" mi="0" ci="5" mb="1" cb="1"/><line nr="323" mi="0" ci="5" mb="0" cb="0"/><line nr="324" mi="3" ci="0" mb="0" cb="0"/><line nr="327" mi="5" ci="0" mb="2" cb="0"/><line nr="328" mi="5" ci="0" mb="0" cb="0"/><line nr="329" mi="3" ci="0" mb="0" cb="0"/><line nr="331" mi="5" ci="0" mb="2" cb="0"/><line nr="332" mi="5" ci="0" mb="0" cb="0"/><line nr="333" mi="2" ci="0" mb="0" cb="0"/><line nr="339" mi="1" ci="0" mb="0" cb="0"/><counter type="INSTRUCTION" missed="75" covered="941"/><counter type="BRANCH" missed="11" covered="119"/><counter type="LINE" missed="17" covered="164"/><counter type="COMPLEXITY" missed="12" covered="77"/><counter type="METHOD" missed="3" covered="21"/><counter type="CLASS" missed="1" covered="6"/></sourcefile><counter type="INSTRUCTION" missed="75" covered="941"/><counter type="BRANCH" missed="11" covered="119"/><counter type="LINE" missed="17" covered="164"/><counter type="COMPLEXITY" missed="12" covered="77"/><counter type="METHOD" missed="3" covered="21"/><counter type="CLASS" missed="1" covered="6"/></package><counter type="INSTRUCTION" missed="75" covered="941"/><counter type="BRANCH" missed="11" covered="119"/><counter type="LINE" missed="17" covered="164"/><counter type="COMPLEXITY" missed="12" covered="77"/><counter type="METHOD" missed="3" covered="21"/><counter type="CLASS" missed="1" covered="6"/></report>