<?xml version="1.0" encoding="UTF-8"?>
<testsuite xmlns:xsi="http://www.w3.org/2001/XMLSchema-instance" xsi:noNamespaceSchemaLocation="https://maven.apache.org/surefire/maven-surefire-plugin/xsd/surefire-test-report.xsd" version="3.0.1" name="com.mycompany.app.ProgramTests" time="0.24" tests="28" errors="0" skipped="0" failures="0">
  <properties>
[...]
</properties>
  <testcase name="testUtilitaPechatInt" classname="com.mycompany.app.ProgramTests" time="0.02">
    <system-out><![CDATA[
1-2-3-4-5-6-7-8-9-
]]></system-out>
  </testcase>
  <testcase name="testEnumValues" classname="com.mycompany.app.ProgramTests" time="0.004"/>
  <testcase name="testProverkaGorizontalX" classname="com.mycompany.app.ProgramTests" time="0.002"/>
  <testcase name="testUtilitaPechatChar" classname="com.mycompany.app.ProgramTests" time="0.001">
    <system-out><![CDATA[
X-O-X-O-X-O-X-O-X-
]]></system-out>
  </testcase>
  <testcase name="testUtilitaPechatList" classname="com.mycompany.app.ProgramTests" time="0.002">
    <system-out><![CDATA[
0-4-8-
]]></system-out>
  </testcase>
  <testcase name="testYacheykaSetMarker" classname="com.mycompany.app.ProgramTests" time="0.054"/>
  <testcase name="testSozdanieIgroka" classname="com.mycompany.app.ProgramTests" time="0.002"/>
  <testcase name="testMiniMaxPochtiPolnaya" classname="com.mycompany.app.ProgramTests" time="0.002">
    <system-out><![CDATA[
minimax:   9(0) 
minimax best:   9(0) Steps counted: 0]]></system-out>
  </testcase>
  <testcase name="testInitsializatsiyaDoski" classname="com.mycompany.app.ProgramTests" time="0.001"/>
  <testcase name="testProverkaVertikalO" classname="com.mycompany.app.ProgramTests" time="0.0"/>
  <testcase name="testMaxMovePobeda" classname="com.mycompany.app.ProgramTests" time="0.001"/>
  <testcase name="testGeneratsiyaKhodovPolnaya" classname="com.mycompany.app.ProgramTests" time="0.001"/>
  <testcase name="testYacheykaSozdanie" classname="com.mycompany.app.ProgramTests" time="0.0"/>
  <testcase name="testGeneratsiyaKhodovPustaya" classname="com.mycompany.app.ProgramTests" time="0.0"/>
  <testcase name="testProverkaDiagonal" classname="com.mycompany.app.ProgramTests" time="0.001"/>
  <testcase name="testVyigryshnyeKombinatsii(int, int, int)[1]" classname="com.mycompany.app.ProgramTests" time="0.029"/>
  <testcase name="testVyigryshnyeKombinatsii(int, int, int)[2]" classname="com.mycompany.app.ProgramTests" time="0.001"/>
  <testcase name="testVyigryshnyeKombinatsii(int, int, int)[3]" classname="com.mycompany.app.ProgramTests" time="0.001"/>
  <testcase name="testVyigryshnyeKombinatsii(int, int, int)[4]" classname="com.mycompany.app.ProgramTests" time="0.001"/>
  <testcase name="testPanelSozdaetYacheyki" classname="com.mycompany.app.ProgramTests" time="0.005"/>
  <testcase name="testProverkaIgraet" classname="com.mycompany.app.ProgramTests" time="0.001"/>
  <testcase name="testProverkaNichya" classname="com.mycompany.app.ProgramTests" time="0.001"/>
  <testcase name="testOtsenkaNeZavershena" classname="com.mycompany.app.ProgramTests" time="0.001"/>
  <testcase name="testMinMovePobeda" classname="com.mycompany.app.ProgramTests" time="0.001"/>
  <testcase name="testOtsenkaXVyigralDlyaO" classname="com.mycompany.app.ProgramTests" time="0.001"/>
  <testcase name="testOtsenkaXVyigralDlyaX" classname="com.mycompany.app.ProgramTests" time="0.001"/>
  <testcase name="testOtsenkaNichya" classname="com.mycompany.app.ProgramTests" time="0.001"/>
  <testcase name="testKonstantaINF" classname="com.mycompany.app.ProgramTests" time="0.001"/>
</testsuite>